2025-10-25 15:52:23,776 - INFO - Moved: C:\Users\91843\Downloads\5a3efdfb-8482-4a55-9a45-7fbd3e263ec0.pptx -> C:\Users\91843\Downloads\Documents\5a3efdfb-8482-4a55-9a45-7fbd3e263ec0.pptx
2025-10-25 15:52:32,285 - INFO - Moved: C:\Users\91843\Downloads\Anaconda3-2025.06-0-Windows-x86_64.exe -> C:\Users\91843\Downloads\Others\Anaconda3-2025.06-0-Windows-x86_64.exe
2025-10-25 15:52:32,414 - INFO - Moved: C:\Users\91843\Downloads\App.config -> C:\Users\91843\Downloads\Others\App.config
2025-10-25 15:52:32,485 - INFO - Moved: C:\Users\91843\Downloads\asha.docx -> C:\Users\91843\Downloads\Documents\asha.docx
2025-10-25 15:52:34,294 - INFO - Moved: C:\Users\91843\Downloads\Canva Setup 1.111.0.exe -> C:\Users\91843\Downloads\Others\Canva Setup 1.111.0.exe
2025-10-25 15:52:34,404 - INFO - Moved: C:\Users\91843\Downloads\ChromeSetup.exe -> C:\Users\91843\Downloads\Others\ChromeSetup.exe
2025-10-25 15:52:34,886 - INFO - Moved: C:\Users\91843\Downloads\Copy of Copy of Farmers Market Meeting Minimal Elegant Presentation.pptx -> C:\Users\91843\Downloads\Documents\Copy of Copy of Farmers Market Meeting Minimal Elegant Presentation.pptx
2025-10-25 15:52:34,957 - INFO - Moved: C:\Users\91843\Downloads\cv_8_1717242218017.pdf -> C:\Users\91843\Downloads\Documents\cv_8_1717242218017.pdf
2025-10-25 15:52:34,965 - INFO - Moved: C:\Users\91843\Downloads\desktop.ini -> C:\Users\91843\Downloads\Others\desktop.ini
2025-10-25 15:52:35,006 - INFO - Moved: C:\Users\91843\Downloads\Doc1.pdf -> C:\Users\91843\Downloads\Documents\Doc1.pdf
2025-10-25 15:52:35,197 - INFO - Moved: C:\Users\91843\Downloads\Doc2.pdf -> C:\Users\91843\Downloads\Documents\Doc2.pdf
2025-10-25 15:52:36,058 - INFO - Moved: C:\Users\91843\Downloads\FigmaSetup.exe -> C:\Users\91843\Downloads\Others\FigmaSetup.exe
2025-10-25 15:52:36,082 - INFO - Moved: C:\Users\91843\Downloads\filmora-idco_setup_full1901.exe -> C:\Users\91843\Downloads\Others\filmora-idco_setup_full1901.exe
2025-10-25 15:52:52,027 - INFO - Moved: C:\Users\91843\Downloads\flutter_windows_3.32.8-stable.zip -> C:\Users\91843\Downloads\Archives\flutter_windows_3.32.8-stable.zip
2025-10-25 15:52:52,088 - INFO - Moved: C:\Users\91843\Downloads\Food Donation Application.zip -> C:\Users\91843\Downloads\Archives\Food Donation Application.zip
2025-10-25 15:52:52,191 - INFO - Moved: C:\Users\91843\Downloads\Food Presentation.pptx -> C:\Users\91843\Downloads\Documents\Food Presentation.pptx
2025-10-25 15:52:52,289 - INFO - Moved: C:\Users\91843\Downloads\forest ppt(4).pptx -> C:\Users\91843\Downloads\Documents\forest ppt(4).pptx
2025-10-25 15:52:52,765 - INFO - Moved: C:\Users\91843\Downloads\Git-2.51.0.2-64-bit.exe -> C:\Users\91843\Downloads\Others\Git-2.51.0.2-64-bit.exe
2025-10-25 15:52:52,904 - INFO - Moved: C:\Users\91843\Downloads\Green and Yellow Minimalistic Agriculture Business Plan Presentation.pptx -> C:\Users\91843\Downloads\Documents\Green and Yellow Minimalistic Agriculture Business Plan Presentation.pptx
2025-10-25 15:52:54,151 - INFO - Moved: C:\Users\91843\Downloads\jdk-21_windows-x64_bin.exe -> C:\Users\91843\Downloads\Others\jdk-21_windows-x64_bin.exe
2025-10-25 15:52:59,640 - INFO - Moved: C:\Users\91843\Downloads\Jinn - The Pet (2025) HQ DVDScr Single Part (640x360) (2).mp4 -> C:\Users\91843\Downloads\Videos\Jinn - The Pet (2025) HQ DVDScr Single Part (640x360) (2).mp4
2025-10-25 15:52:59,725 - INFO - Moved: C:\Users\91843\Downloads\Micro-Certification - Welcome to ServiceNow.pdf -> C:\Users\91843\Downloads\Documents\Micro-Certification - Welcome to ServiceNow.pdf
2025-10-25 15:52:59,813 - INFO - Moved: C:\Users\91843\Downloads\pattu 3.pptx -> C:\Users\91843\Downloads\Documents\pattu 3.pptx
2025-10-25 15:52:59,872 - INFO - Moved: C:\Users\91843\Downloads\pdf.pdf -> C:\Users\91843\Downloads\Documents\pdf.pdf
2025-10-25 15:52:59,943 - INFO - Moved: C:\Users\91843\Downloads\Presentation (18) (2) (1).pptx -> C:\Users\91843\Downloads\Documents\Presentation (18) (2) (1).pptx
2025-10-25 15:53:00,017 - INFO - Duplicate moved: C:\Users\91843\Downloads\Presentation (18) (2) (2).pptx -> C:\Users\91843\Downloads\Duplicates\Presentation (18) (2) (2).pptx
2025-10-25 15:53:00,091 - INFO - Duplicate moved: C:\Users\91843\Downloads\Presentation (18) (2).pptx -> C:\Users\91843\Downloads\Duplicates\Presentation (18) (2).pptx
2025-10-25 15:53:00,247 - INFO - Moved: C:\Users\91843\Downloads\Presentation1.pptx -> C:\Users\91843\Downloads\Documents\Presentation1.pptx
2025-10-25 15:53:00,377 - INFO - Moved: C:\Users\91843\Downloads\PYTHON DEVELOPMENT PROJECT (1).pdf -> C:\Users\91843\Downloads\Documents\PYTHON DEVELOPMENT PROJECT (1).pdf
2025-10-25 15:53:00,485 - INFO - Duplicate moved: C:\Users\91843\Downloads\PYTHON DEVELOPMENT PROJECT.pdf -> C:\Users\91843\Downloads\Duplicates\PYTHON DEVELOPMENT PROJECT.pdf
2025-10-25 15:53:00,758 - INFO - Moved: C:\Users\91843\Downloads\python-3.12.0-amd64.exe -> C:\Users\91843\Downloads\Others\python-3.12.0-amd64.exe
2025-10-25 15:53:01,064 - INFO - Moved: C:\Users\91843\Downloads\python-3.13.5-amd64.exe -> C:\Users\91843\Downloads\Others\python-3.13.5-amd64.exe
2025-10-25 15:53:01,123 - INFO - Moved: C:\Users\91843\Downloads\REQUIREMENT GATHERING TECHNIQUES.docx -> C:\Users\91843\Downloads\Documents\REQUIREMENT GATHERING TECHNIQUES.docx
2025-10-25 15:53:01,184 - INFO - Moved: C:\Users\91843\Downloads\resume D.pdf -> C:\Users\91843\Downloads\Documents\resume D.pdf
2025-10-25 15:53:01,229 - INFO - Moved: C:\Users\91843\Downloads\Screenshot_24-5-2024_141711_colab.research.google.com.jpeg -> C:\Users\91843\Downloads\Images\Screenshot_24-5-2024_141711_colab.research.google.com.jpeg
2025-10-25 15:53:03,818 - INFO - Moved: C:\Users\91843\Downloads\search.htm -> C:\Users\91843\Downloads\Others\search.htm
2025-10-25 15:53:03,829 - INFO - Moved: C:\Users\91843\Downloads\Setup.exe -> C:\Users\91843\Downloads\Others\Setup.exe
2025-10-25 15:53:03,868 - INFO - Moved: C:\Users\91843\Downloads\SlideEgg-704812-US Farmers Day.zip -> C:\Users\91843\Downloads\Archives\SlideEgg-704812-US Farmers Day.zip
2025-10-25 15:53:03,934 - INFO - Moved: C:\Users\91843\Downloads\smarthelmetmsme (1) (1) (1) (1).pptx -> C:\Users\91843\Downloads\Documents\smarthelmetmsme (1) (1) (1) (1).pptx
2025-10-25 15:53:04,017 - INFO - Duplicate moved: C:\Users\91843\Downloads\smarthelmetmsme (1) (1) (1).pptx -> C:\Users\91843\Downloads\Duplicates\smarthelmetmsme (1) (1) (1).pptx
2025-10-25 15:53:04,083 - INFO - Duplicate moved: C:\Users\91843\Downloads\smarthelmetmsme (1) (1).pptx -> C:\Users\91843\Downloads\Duplicates\smarthelmetmsme (1) (1).pptx
2025-10-25 15:53:04,151 - INFO - Duplicate moved: C:\Users\91843\Downloads\smarthelmetmsme (1).pptx -> C:\Users\91843\Downloads\Duplicates\smarthelmetmsme (1).pptx
2025-10-25 15:53:04,217 - INFO - Duplicate moved: C:\Users\91843\Downloads\smarthelmetmsme.pptx -> C:\Users\91843\Downloads\Duplicates\smarthelmetmsme.pptx
2025-10-25 15:53:04,256 - INFO - Moved: C:\Users\91843\Downloads\sop for handwashing in food production jenika-1.docx -> C:\Users\91843\Downloads\Documents\sop for handwashing in food production jenika-1.docx
2025-10-25 15:53:04,272 - INFO - Moved: C:\Users\91843\Downloads\TeamsSetupx64_s_8DBE1B36C855FFA-1-0_c_w_.exe -> C:\Users\91843\Downloads\Others\TeamsSetupx64_s_8DBE1B36C855FFA-1-0_c_w_.exe
2025-10-25 15:53:04,299 - INFO - Moved: C:\Users\91843\Downloads\TurboC++ for Windows 7_v3.7.8.9major_release - Copy.exe -> C:\Users\91843\Downloads\Others\TurboC++ for Windows 7_v3.7.8.9major_release - Copy.exe
2025-10-25 15:53:04,929 - INFO - Moved: C:\Users\91843\Downloads\VSCodeUserSetup-x64-1.94.2.exe -> C:\Users\91843\Downloads\Others\VSCodeUserSetup-x64-1.94.2.exe
2025-10-25 15:53:04,942 - INFO - Moved: C:\Users\91843\Downloads\WhatsApp Installer.exe -> C:\Users\91843\Downloads\Others\WhatsApp Installer.exe
2025-10-25 15:53:04,965 - INFO - Moved: C:\Users\91843\Downloads\WhatsApp Video 2025-07-22 at 8.12.28 PM.mp4 -> C:\Users\91843\Downloads\Videos\WhatsApp Video 2025-07-22 at 8.12.28 PM.mp4
2025-10-25 15:53:04,980 - INFO - Moved: C:\Users\91843\Downloads\WhatsApp Video 2025-10-13 at 2.33.55 PM.mp4 -> C:\Users\91843\Downloads\Videos\WhatsApp Video 2025-10-13 at 2.33.55 PM.mp4
2025-10-25 15:53:05,037 - INFO - Moved: C:\Users\91843\Downloads\Your_new_CV__5_ (1) (1).pdf -> C:\Users\91843\Downloads\Documents\Your_new_CV__5_ (1) (1).pdf
2025-10-25 15:53:05,047 - INFO - Moved: C:\Users\91843\Downloads\Zoom_cm_ds_mmnAX0DOytRFnReHUxtTRv9n7D2j0zMkKEz06@Wjh4UbFtf546KHme_.exe -> C:\Users\91843\Downloads\Others\Zoom_cm_ds_mmnAX0DOytRFnReHUxtTRv9n7D2j0zMkKEz06@Wjh4UbFtf546KHme_.exe
2025-10-25 15:53:05,103 - INFO - Moved: C:\Users\91843\Downloads\zopener_8a4800ea0a3f43f4bafd7706c1a4e7ee.log -> C:\Users\91843\Downloads\Others\zopener_8a4800ea0a3f43f4bafd7706c1a4e7ee.log
2025-10-25 15:53:08,120 - INFO - Moved: C:\Users\91843\Downloads\[MM] - Tourist Family (2025)[Tamil - HQ HDRip - x264 - AAC -.mkv -> C:\Users\91843\Downloads\Videos\[MM] - Tourist Family (2025)[Tamil - HQ HDRip - x264 - AAC -.mkv
2025-10-25 15:53:11,475 - INFO - Moved: C:\Users\91843\Downloads\[MS] Hanu-Man (2024) Tamil HDRip .mkv -> C:\Users\91843\Downloads\Videos\[MS] Hanu-Man (2024) Tamil HDRip .mkv
2025-10-25 15:54:35,791 - INFO - Undo: C:\Users\91843\Downloads\Videos\[MS] Hanu-Man (2024) Tamil HDRip .mkv -> C:\Users\91843\Downloads\[MS] Hanu-Man (2024) Tamil HDRip .mkv
2025-10-25 15:54:35,793 - INFO - Undo: C:\Users\91843\Downloads\Videos\[MM] - Tourist Family (2025)[Tamil - HQ HDRip - x264 - AAC -.mkv -> C:\Users\91843\Downloads\[MM] - Tourist Family (2025)[Tamil - HQ HDRip - x264 - AAC -.mkv
2025-10-25 15:54:35,795 - INFO - Undo: C:\Users\91843\Downloads\Others\zopener_8a4800ea0a3f43f4bafd7706c1a4e7ee.log -> C:\Users\91843\Downloads\zopener_8a4800ea0a3f43f4bafd7706c1a4e7ee.log
2025-10-25 15:54:35,798 - INFO - Undo: C:\Users\91843\Downloads\Others\Zoom_cm_ds_mmnAX0DOytRFnReHUxtTRv9n7D2j0zMkKEz06@Wjh4UbFtf546KHme_.exe -> C:\Users\91843\Downloads\Zoom_cm_ds_mmnAX0DOytRFnReHUxtTRv9n7D2j0zMkKEz06@Wjh4UbFtf546KHme_.exe
2025-10-25 15:54:35,801 - INFO - Undo: C:\Users\91843\Downloads\Documents\Your_new_CV__5_ (1) (1).pdf -> C:\Users\91843\Downloads\Your_new_CV__5_ (1) (1).pdf
2025-10-25 15:54:35,804 - INFO - Undo: C:\Users\91843\Downloads\Videos\WhatsApp Video 2025-10-13 at 2.33.55 PM.mp4 -> C:\Users\91843\Downloads\WhatsApp Video 2025-10-13 at 2.33.55 PM.mp4
2025-10-25 15:54:35,807 - INFO - Undo: C:\Users\91843\Downloads\Videos\WhatsApp Video 2025-07-22 at 8.12.28 PM.mp4 -> C:\Users\91843\Downloads\WhatsApp Video 2025-07-22 at 8.12.28 PM.mp4
2025-10-25 15:54:35,810 - INFO - Undo: C:\Users\91843\Downloads\Others\WhatsApp Installer.exe -> C:\Users\91843\Downloads\WhatsApp Installer.exe
2025-10-25 15:54:35,814 - INFO - Undo: C:\Users\91843\Downloads\Others\VSCodeUserSetup-x64-1.94.2.exe -> C:\Users\91843\Downloads\VSCodeUserSetup-x64-1.94.2.exe
2025-10-25 15:54:35,818 - INFO - Undo: C:\Users\91843\Downloads\Others\TurboC++ for Windows 7_v3.7.8.9major_release - Copy.exe -> C:\Users\91843\Downloads\TurboC++ for Windows 7_v3.7.8.9major_release - Copy.exe
2025-10-25 15:54:35,820 - INFO - Undo: C:\Users\91843\Downloads\Others\TeamsSetupx64_s_8DBE1B36C855FFA-1-0_c_w_.exe -> C:\Users\91843\Downloads\TeamsSetupx64_s_8DBE1B36C855FFA-1-0_c_w_.exe
2025-10-25 15:54:35,824 - INFO - Undo: C:\Users\91843\Downloads\Documents\sop for handwashing in food production jenika-1.docx -> C:\Users\91843\Downloads\sop for handwashing in food production jenika-1.docx
2025-10-25 15:54:35,827 - INFO - Undo: C:\Users\91843\Downloads\Duplicates\smarthelmetmsme.pptx -> C:\Users\91843\Downloads\smarthelmetmsme.pptx
2025-10-25 15:54:35,832 - INFO - Undo: C:\Users\91843\Downloads\Duplicates\smarthelmetmsme (1).pptx -> C:\Users\91843\Downloads\smarthelmetmsme (1).pptx
2025-10-25 15:54:35,835 - INFO - Undo: C:\Users\91843\Downloads\Duplicates\smarthelmetmsme (1) (1).pptx -> C:\Users\91843\Downloads\smarthelmetmsme (1) (1).pptx
2025-10-25 15:54:35,838 - INFO - Undo: C:\Users\91843\Downloads\Duplicates\smarthelmetmsme (1) (1) (1).pptx -> C:\Users\91843\Downloads\smarthelmetmsme (1) (1) (1).pptx
2025-10-25 15:54:35,841 - INFO - Undo: C:\Users\91843\Downloads\Documents\smarthelmetmsme (1) (1) (1) (1).pptx -> C:\Users\91843\Downloads\smarthelmetmsme (1) (1) (1) (1).pptx
2025-10-25 15:54:35,844 - INFO - Undo: C:\Users\91843\Downloads\Archives\SlideEgg-704812-US Farmers Day.zip -> C:\Users\91843\Downloads\SlideEgg-704812-US Farmers Day.zip
2025-10-25 15:54:35,846 - INFO - Undo: C:\Users\91843\Downloads\Others\Setup.exe -> C:\Users\91843\Downloads\Setup.exe
2025-10-25 15:54:35,849 - INFO - Undo: C:\Users\91843\Downloads\Others\search.htm -> C:\Users\91843\Downloads\search.htm
2025-10-25 15:54:35,853 - INFO - Undo: C:\Users\91843\Downloads\Images\Screenshot_24-5-2024_141711_colab.research.google.com.jpeg -> C:\Users\91843\Downloads\Screenshot_24-5-2024_141711_colab.research.google.com.jpeg
2025-10-25 15:54:35,856 - INFO - Undo: C:\Users\91843\Downloads\Documents\resume D.pdf -> C:\Users\91843\Downloads\resume D.pdf
2025-10-25 15:54:35,859 - INFO - Undo: C:\Users\91843\Downloads\Documents\REQUIREMENT GATHERING TECHNIQUES.docx -> C:\Users\91843\Downloads\REQUIREMENT GATHERING TECHNIQUES.docx
2025-10-25 15:54:35,862 - INFO - Undo: C:\Users\91843\Downloads\Others\python-3.13.5-amd64.exe -> C:\Users\91843\Downloads\python-3.13.5-amd64.exe
2025-10-25 15:54:35,866 - INFO - Undo: C:\Users\91843\Downloads\Others\python-3.12.0-amd64.exe -> C:\Users\91843\Downloads\python-3.12.0-amd64.exe
2025-10-25 15:54:35,869 - INFO - Undo: C:\Users\91843\Downloads\Duplicates\PYTHON DEVELOPMENT PROJECT.pdf -> C:\Users\91843\Downloads\PYTHON DEVELOPMENT PROJECT.pdf
2025-10-25 15:54:35,872 - INFO - Undo: C:\Users\91843\Downloads\Documents\PYTHON DEVELOPMENT PROJECT (1).pdf -> C:\Users\91843\Downloads\PYTHON DEVELOPMENT PROJECT (1).pdf
2025-10-25 15:54:35,874 - INFO - Undo: C:\Users\91843\Downloads\Documents\Presentation1.pptx -> C:\Users\91843\Downloads\Presentation1.pptx
2025-10-25 15:54:35,877 - INFO - Undo: C:\Users\91843\Downloads\Duplicates\Presentation (18) (2).pptx -> C:\Users\91843\Downloads\Presentation (18) (2).pptx
2025-10-25 15:54:35,880 - INFO - Undo: C:\Users\91843\Downloads\Duplicates\Presentation (18) (2) (2).pptx -> C:\Users\91843\Downloads\Presentation (18) (2) (2).pptx
2025-10-25 15:54:35,884 - INFO - Undo: C:\Users\91843\Downloads\Documents\Presentation (18) (2) (1).pptx -> C:\Users\91843\Downloads\Presentation (18) (2) (1).pptx
2025-10-25 15:54:35,889 - INFO - Undo: C:\Users\91843\Downloads\Documents\pdf.pdf -> C:\Users\91843\Downloads\pdf.pdf
2025-10-25 15:54:35,892 - INFO - Undo: C:\Users\91843\Downloads\Documents\pattu 3.pptx -> C:\Users\91843\Downloads\pattu 3.pptx
2025-10-25 15:54:35,895 - INFO - Undo: C:\Users\91843\Downloads\Documents\Micro-Certification - Welcome to ServiceNow.pdf -> C:\Users\91843\Downloads\Micro-Certification - Welcome to ServiceNow.pdf
2025-10-25 15:54:35,898 - INFO - Undo: C:\Users\91843\Downloads\Videos\Jinn - The Pet (2025) HQ DVDScr Single Part (640x360) (2).mp4 -> C:\Users\91843\Downloads\Jinn - The Pet (2025) HQ DVDScr Single Part (640x360) (2).mp4
2025-10-25 15:54:35,902 - INFO - Undo: C:\Users\91843\Downloads\Others\jdk-21_windows-x64_bin.exe -> C:\Users\91843\Downloads\jdk-21_windows-x64_bin.exe
2025-10-25 15:54:35,905 - INFO - Undo: C:\Users\91843\Downloads\Documents\Green and Yellow Minimalistic Agriculture Business Plan Presentation.pptx -> C:\Users\91843\Downloads\Green and Yellow Minimalistic Agriculture Business Plan Presentation.pptx
2025-10-25 15:54:35,909 - INFO - Undo: C:\Users\91843\Downloads\Others\Git-2.51.0.2-64-bit.exe -> C:\Users\91843\Downloads\Git-2.51.0.2-64-bit.exe
2025-10-25 15:54:35,912 - INFO - Undo: C:\Users\91843\Downloads\Documents\forest ppt(4).pptx -> C:\Users\91843\Downloads\forest ppt(4).pptx
2025-10-25 15:54:35,917 - INFO - Undo: C:\Users\91843\Downloads\Documents\Food Presentation.pptx -> C:\Users\91843\Downloads\Food Presentation.pptx
2025-10-25 15:54:35,921 - INFO - Undo: C:\Users\91843\Downloads\Archives\Food Donation Application.zip -> C:\Users\91843\Downloads\Food Donation Application.zip
2025-10-25 15:54:35,925 - INFO - Undo: C:\Users\91843\Downloads\Archives\flutter_windows_3.32.8-stable.zip -> C:\Users\91843\Downloads\flutter_windows_3.32.8-stable.zip
2025-10-25 15:54:35,930 - INFO - Undo: C:\Users\91843\Downloads\Others\filmora-idco_setup_full1901.exe -> C:\Users\91843\Downloads\filmora-idco_setup_full1901.exe
2025-10-25 15:54:35,932 - INFO - Undo: C:\Users\91843\Downloads\Others\FigmaSetup.exe -> C:\Users\91843\Downloads\FigmaSetup.exe
2025-10-25 15:54:35,935 - INFO - Undo: C:\Users\91843\Downloads\Documents\Doc2.pdf -> C:\Users\91843\Downloads\Doc2.pdf
2025-10-25 15:54:35,937 - INFO - Undo: C:\Users\91843\Downloads\Documents\Doc1.pdf -> C:\Users\91843\Downloads\Doc1.pdf
2025-10-25 15:54:35,940 - INFO - Undo: C:\Users\91843\Downloads\Others\desktop.ini -> C:\Users\91843\Downloads\desktop.ini
2025-10-25 15:54:35,943 - INFO - Undo: C:\Users\91843\Downloads\Documents\cv_8_1717242218017.pdf -> C:\Users\91843\Downloads\cv_8_1717242218017.pdf
2025-10-25 15:54:35,945 - INFO - Undo: C:\Users\91843\Downloads\Documents\Copy of Copy of Farmers Market Meeting Minimal Elegant Presentation.pptx -> C:\Users\91843\Downloads\Copy of Copy of Farmers Market Meeting Minimal Elegant Presentation.pptx
2025-10-25 15:54:35,948 - INFO - Undo: C:\Users\91843\Downloads\Others\ChromeSetup.exe -> C:\Users\91843\Downloads\ChromeSetup.exe
2025-10-25 15:54:35,951 - INFO - Undo: C:\Users\91843\Downloads\Others\Canva Setup 1.111.0.exe -> C:\Users\91843\Downloads\Canva Setup 1.111.0.exe
2025-10-25 15:54:35,954 - INFO - Undo: C:\Users\91843\Downloads\Documents\asha.docx -> C:\Users\91843\Downloads\asha.docx
2025-10-25 15:54:35,956 - INFO - Undo: C:\Users\91843\Downloads\Others\App.config -> C:\Users\91843\Downloads\App.config
2025-10-25 15:54:35,959 - INFO - Undo: C:\Users\91843\Downloads\Others\Anaconda3-2025.06-0-Windows-x86_64.exe -> C:\Users\91843\Downloads\Anaconda3-2025.06-0-Windows-x86_64.exe
2025-10-25 15:54:35,962 - INFO - Undo: C:\Users\91843\Downloads\Documents\5a3efdfb-8482-4a55-9a45-7fbd3e263ec0.pptx -> C:\Users\91843\Downloads\5a3efdfb-8482-4a55-9a45-7fbd3e263ec0.pptx
2025-10-25 15:56:46,296 - INFO - Moved: C:\Users\91843\Downloads\5a3efdfb-8482-4a55-9a45-7fbd3e263ec0.pptx -> C:\Users\91843\Downloads\Documents\5a3efdfb-8482-4a55-9a45-7fbd3e263ec0.pptx
2025-10-25 15:56:49,490 - INFO - Moved: C:\Users\91843\Downloads\Anaconda3-2025.06-0-Windows-x86_64.exe -> C:\Users\91843\Downloads\Others\Anaconda3-2025.06-0-Windows-x86_64.exe
2025-10-25 15:56:49,495 - INFO - Moved: C:\Users\91843\Downloads\App.config -> C:\Users\91843\Downloads\Others\App.config
2025-10-25 15:56:49,503 - INFO - Moved: C:\Users\91843\Downloads\asha.docx -> C:\Users\91843\Downloads\Documents\asha.docx
2025-10-25 15:56:50,350 - INFO - Moved: C:\Users\91843\Downloads\Canva Setup 1.111.0.exe -> C:\Users\91843\Downloads\Others\Canva Setup 1.111.0.exe
2025-10-25 15:56:50,428 - INFO - Moved: C:\Users\91843\Downloads\ChromeSetup.exe -> C:\Users\91843\Downloads\Others\ChromeSetup.exe
2025-10-25 15:56:50,665 - INFO - Moved: C:\Users\91843\Downloads\Copy of Copy of Farmers Market Meeting Minimal Elegant Presentation.pptx -> C:\Users\91843\Downloads\Documents\Copy of Copy of Farmers Market Meeting Minimal Elegant Presentation.pptx
2025-10-25 15:56:50,678 - INFO - Moved: C:\Users\91843\Downloads\cv_8_1717242218017.pdf -> C:\Users\91843\Downloads\Documents\cv_8_1717242218017.pdf
2025-10-25 15:56:50,689 - INFO - Moved: C:\Users\91843\Downloads\desktop.ini -> C:\Users\91843\Downloads\Others\desktop.ini
2025-10-25 15:56:50,710 - INFO - Moved: C:\Users\91843\Downloads\Doc1.pdf -> C:\Users\91843\Downloads\Documents\Doc1.pdf
2025-10-25 15:56:50,717 - INFO - Moved: C:\Users\91843\Downloads\Doc2.pdf -> C:\Users\91843\Downloads\Documents\Doc2.pdf
2025-10-25 15:56:51,638 - INFO - Moved: C:\Users\91843\Downloads\FigmaSetup.exe -> C:\Users\91843\Downloads\Others\FigmaSetup.exe
2025-10-25 15:56:51,670 - INFO - Moved: C:\Users\91843\Downloads\filmora-idco_setup_full1901.exe -> C:\Users\91843\Downloads\Others\filmora-idco_setup_full1901.exe
2025-10-25 15:57:04,847 - INFO - Moved: C:\Users\91843\Downloads\flutter_windows_3.32.8-stable.zip -> C:\Users\91843\Downloads\Archives\flutter_windows_3.32.8-stable.zip
2025-10-25 15:57:04,854 - INFO - Moved: C:\Users\91843\Downloads\Food Donation Application.zip -> C:\Users\91843\Downloads\Archives\Food Donation Application.zip
2025-10-25 15:57:04,876 - INFO - Moved: C:\Users\91843\Downloads\Food Presentation.pptx -> C:\Users\91843\Downloads\Documents\Food Presentation.pptx
2025-10-25 15:57:04,929 - INFO - Moved: C:\Users\91843\Downloads\forest ppt(4).pptx -> C:\Users\91843\Downloads\Documents\forest ppt(4).pptx
2025-10-25 15:57:05,354 - INFO - Moved: C:\Users\91843\Downloads\Git-2.51.0.2-64-bit.exe -> C:\Users\91843\Downloads\Others\Git-2.51.0.2-64-bit.exe
2025-10-25 15:57:05,420 - INFO - Moved: C:\Users\91843\Downloads\Green and Yellow Minimalistic Agriculture Business Plan Presentation.pptx -> C:\Users\91843\Downloads\Documents\Green and Yellow Minimalistic Agriculture Business Plan Presentation.pptx
2025-10-25 15:57:06,496 - INFO - Moved: C:\Users\91843\Downloads\jdk-21_windows-x64_bin.exe -> C:\Users\91843\Downloads\Others\jdk-21_windows-x64_bin.exe
2025-10-25 15:57:09,959 - INFO - Moved: C:\Users\91843\Downloads\Jinn - The Pet (2025) HQ DVDScr Single Part (640x360) (2).mp4 -> C:\Users\91843\Downloads\Videos\Jinn - The Pet (2025) HQ DVDScr Single Part (640x360) (2).mp4
2025-10-25 15:57:09,966 - INFO - Moved: C:\Users\91843\Downloads\Micro-Certification - Welcome to ServiceNow.pdf -> C:\Users\91843\Downloads\Documents\Micro-Certification - Welcome to ServiceNow.pdf
2025-10-25 15:57:09,992 - INFO - Moved: C:\Users\91843\Downloads\pattu 3.pptx -> C:\Users\91843\Downloads\Documents\pattu 3.pptx
2025-10-25 15:57:10,001 - INFO - Moved: C:\Users\91843\Downloads\pdf.pdf -> C:\Users\91843\Downloads\Documents\pdf.pdf
2025-10-25 15:57:10,016 - INFO - Moved: C:\Users\91843\Downloads\Presentation (18) (2) (1).pptx -> C:\Users\91843\Downloads\Documents\Presentation (18) (2) (1).pptx
2025-10-25 15:57:10,028 - INFO - Duplicate moved: C:\Users\91843\Downloads\Presentation (18) (2) (2).pptx -> C:\Users\91843\Downloads\Duplicates\Presentation (18) (2) (2).pptx
2025-10-25 15:57:10,041 - INFO - Duplicate moved: C:\Users\91843\Downloads\Presentation (18) (2).pptx -> C:\Users\91843\Downloads\Duplicates\Presentation (18) (2).pptx
2025-10-25 15:57:10,094 - INFO - Moved: C:\Users\91843\Downloads\Presentation1.pptx -> C:\Users\91843\Downloads\Documents\Presentation1.pptx
2025-10-25 15:57:10,129 - INFO - Moved: C:\Users\91843\Downloads\PYTHON DEVELOPMENT PROJECT (1).pdf -> C:\Users\91843\Downloads\Documents\PYTHON DEVELOPMENT PROJECT (1).pdf
2025-10-25 15:57:10,162 - INFO - Duplicate moved: C:\Users\91843\Downloads\PYTHON DEVELOPMENT PROJECT.pdf -> C:\Users\91843\Downloads\Duplicates\PYTHON DEVELOPMENT PROJECT.pdf
2025-10-25 15:57:10,334 - INFO - Moved: C:\Users\91843\Downloads\python-3.12.0-amd64.exe -> C:\Users\91843\Downloads\Others\python-3.12.0-amd64.exe
2025-10-25 15:57:10,538 - INFO - Moved: C:\Users\91843\Downloads\python-3.13.5-amd64.exe -> C:\Users\91843\Downloads\Others\python-3.13.5-amd64.exe
2025-10-25 15:57:10,547 - INFO - Moved: C:\Users\91843\Downloads\REQUIREMENT GATHERING TECHNIQUES.docx -> C:\Users\91843\Downloads\Documents\REQUIREMENT GATHERING TECHNIQUES.docx
2025-10-25 15:57:10,559 - INFO - Moved: C:\Users\91843\Downloads\resume D.pdf -> C:\Users\91843\Downloads\Documents\resume D.pdf
2025-10-25 15:57:10,570 - INFO - Moved: C:\Users\91843\Downloads\Screenshot_24-5-2024_141711_colab.research.google.com.jpeg -> C:\Users\91843\Downloads\Images\Screenshot_24-5-2024_141711_colab.research.google.com.jpeg
2025-10-25 15:57:10,585 - INFO - Moved: C:\Users\91843\Downloads\search.htm -> C:\Users\91843\Downloads\Others\search.htm
2025-10-25 15:57:10,600 - INFO - Moved: C:\Users\91843\Downloads\Setup.exe -> C:\Users\91843\Downloads\Others\Setup.exe
2025-10-25 15:57:10,608 - INFO - Moved: C:\Users\91843\Downloads\SlideEgg-704812-US Farmers Day.zip -> C:\Users\91843\Downloads\Archives\SlideEgg-704812-US Farmers Day.zip
2025-10-25 15:57:10,657 - INFO - Moved: C:\Users\91843\Downloads\smarthelmetmsme (1) (1) (1) (1).pptx -> C:\Users\91843\Downloads\Documents\smarthelmetmsme (1) (1) (1) (1).pptx
2025-10-25 15:57:10,709 - INFO - Duplicate moved: C:\Users\91843\Downloads\smarthelmetmsme (1) (1) (1).pptx -> C:\Users\91843\Downloads\Duplicates\smarthelmetmsme (1) (1) (1).pptx
2025-10-25 15:57:10,755 - INFO - Duplicate moved: C:\Users\91843\Downloads\smarthelmetmsme (1) (1).pptx -> C:\Users\91843\Downloads\Duplicates\smarthelmetmsme (1) (1).pptx
2025-10-25 15:57:10,803 - INFO - Duplicate moved: C:\Users\91843\Downloads\smarthelmetmsme (1).pptx -> C:\Users\91843\Downloads\Duplicates\smarthelmetmsme (1).pptx
2025-10-25 15:57:10,853 - INFO - Duplicate moved: C:\Users\91843\Downloads\smarthelmetmsme.pptx -> C:\Users\91843\Downloads\Duplicates\smarthelmetmsme.pptx
2025-10-25 15:57:10,867 - INFO - Moved: C:\Users\91843\Downloads\sop for handwashing in food production jenika-1.docx -> C:\Users\91843\Downloads\Documents\sop for handwashing in food production jenika-1.docx
2025-10-25 15:57:10,891 - INFO - Moved: C:\Users\91843\Downloads\TeamsSetupx64_s_8DBE1B36C855FFA-1-0_c_w_.exe -> C:\Users\91843\Downloads\Others\TeamsSetupx64_s_8DBE1B36C855FFA-1-0_c_w_.exe
2025-10-25 15:57:10,927 - INFO - Moved: C:\Users\91843\Downloads\TurboC++ for Windows 7_v3.7.8.9major_release - Copy.exe -> C:\Users\91843\Downloads\Others\TurboC++ for Windows 7_v3.7.8.9major_release - Copy.exe
2025-10-25 15:57:11,858 - INFO - Moved: C:\Users\91843\Downloads\VSCodeUserSetup-x64-1.94.2.exe -> C:\Users\91843\Downloads\Others\VSCodeUserSetup-x64-1.94.2.exe
2025-10-25 15:57:11,878 - INFO - Moved: C:\Users\91843\Downloads\WhatsApp Installer.exe -> C:\Users\91843\Downloads\Others\WhatsApp Installer.exe
2025-10-25 15:57:11,913 - INFO - Moved: C:\Users\91843\Downloads\WhatsApp Video 2025-07-22 at 8.12.28 PM.mp4 -> C:\Users\91843\Downloads\Videos\WhatsApp Video 2025-07-22 at 8.12.28 PM.mp4
2025-10-25 15:57:11,938 - INFO - Moved: C:\Users\91843\Downloads\WhatsApp Video 2025-10-13 at 2.33.55 PM.mp4 -> C:\Users\91843\Downloads\Videos\WhatsApp Video 2025-10-13 at 2.33.55 PM.mp4
2025-10-25 15:57:11,951 - INFO - Moved: C:\Users\91843\Downloads\Your_new_CV__5_ (1) (1).pdf -> C:\Users\91843\Downloads\Documents\Your_new_CV__5_ (1) (1).pdf
2025-10-25 15:57:11,966 - INFO - Moved: C:\Users\91843\Downloads\Zoom_cm_ds_mmnAX0DOytRFnReHUxtTRv9n7D2j0zMkKEz06@Wjh4UbFtf546KHme_.exe -> C:\Users\91843\Downloads\Others\Zoom_cm_ds_mmnAX0DOytRFnReHUxtTRv9n7D2j0zMkKEz06@Wjh4UbFtf546KHme_.exe
2025-10-25 15:57:11,978 - INFO - Moved: C:\Users\91843\Downloads\zopener_8a4800ea0a3f43f4bafd7706c1a4e7ee.log -> C:\Users\91843\Downloads\Others\zopener_8a4800ea0a3f43f4bafd7706c1a4e7ee.log
2025-10-25 15:57:14,571 - INFO - Moved: C:\Users\91843\Downloads\[MM] - Tourist Family (2025)[Tamil - HQ HDRip - x264 - AAC -.mkv -> C:\Users\91843\Downloads\Videos\[MM] - Tourist Family (2025)[Tamil - HQ HDRip - x264 - AAC -.mkv
2025-10-25 15:57:16,662 - INFO - Moved: C:\Users\91843\Downloads\[MS] Hanu-Man (2024) Tamil HDRip .mkv -> C:\Users\91843\Downloads\Videos\[MS] Hanu-Man (2024) Tamil HDRip .mkv
2025-10-25 16:58:27,340 - INFO - Auto-scheduler started for folder C:\Users\91843\OneDrive\Pictures every 1440 min
2025-10-25 18:40:43,411 - INFO - Undo: C:\Users\91843\Downloads\Videos\[MS] Hanu-Man (2024) Tamil HDRip .mkv -> C:\Users\91843\Downloads\[MS] Hanu-Man (2024) Tamil HDRip .mkv
2025-10-25 18:40:43,414 - INFO - Undo: C:\Users\91843\Downloads\Videos\[MM] - Tourist Family (2025)[Tamil - HQ HDRip - x264 - AAC -.mkv -> C:\Users\91843\Downloads\[MM] - Tourist Family (2025)[Tamil - HQ HDRip - x264 - AAC -.mkv
2025-10-25 18:40:43,416 - INFO - Undo: C:\Users\91843\Downloads\Others\zopener_8a4800ea0a3f43f4bafd7706c1a4e7ee.log -> C:\Users\91843\Downloads\zopener_8a4800ea0a3f43f4bafd7706c1a4e7ee.log
2025-10-25 18:40:43,419 - INFO - Undo: C:\Users\91843\Downloads\Others\Zoom_cm_ds_mmnAX0DOytRFnReHUxtTRv9n7D2j0zMkKEz06@Wjh4UbFtf546KHme_.exe -> C:\Users\91843\Downloads\Zoom_cm_ds_mmnAX0DOytRFnReHUxtTRv9n7D2j0zMkKEz06@Wjh4UbFtf546KHme_.exe
2025-10-25 18:40:43,422 - INFO - Undo: C:\Users\91843\Downloads\Documents\Your_new_CV__5_ (1) (1).pdf -> C:\Users\91843\Downloads\Your_new_CV__5_ (1) (1).pdf
2025-10-25 18:40:43,426 - INFO - Undo: C:\Users\91843\Downloads\Videos\WhatsApp Video 2025-10-13 at 2.33.55 PM.mp4 -> C:\Users\91843\Downloads\WhatsApp Video 2025-10-13 at 2.33.55 PM.mp4
2025-10-25 18:40:43,428 - INFO - Undo: C:\Users\91843\Downloads\Videos\WhatsApp Video 2025-07-22 at 8.12.28 PM.mp4 -> C:\Users\91843\Downloads\WhatsApp Video 2025-07-22 at 8.12.28 PM.mp4
2025-10-25 18:40:43,430 - INFO - Undo: C:\Users\91843\Downloads\Others\WhatsApp Installer.exe -> C:\Users\91843\Downloads\WhatsApp Installer.exe
2025-10-25 18:40:43,432 - INFO - Undo: C:\Users\91843\Downloads\Others\VSCodeUserSetup-x64-1.94.2.exe -> C:\Users\91843\Downloads\VSCodeUserSetup-x64-1.94.2.exe
2025-10-25 18:40:43,433 - INFO - Undo: C:\Users\91843\Downloads\Others\TurboC++ for Windows 7_v3.7.8.9major_release - Copy.exe -> C:\Users\91843\Downloads\TurboC++ for Windows 7_v3.7.8.9major_release - Copy.exe
2025-10-25 18:40:43,434 - INFO - Undo: C:\Users\91843\Downloads\Others\TeamsSetupx64_s_8DBE1B36C855FFA-1-0_c_w_.exe -> C:\Users\91843\Downloads\TeamsSetupx64_s_8DBE1B36C855FFA-1-0_c_w_.exe
2025-10-25 18:40:43,436 - INFO - Undo: C:\Users\91843\Downloads\Documents\sop for handwashing in food production jenika-1.docx -> C:\Users\91843\Downloads\sop for handwashing in food production jenika-1.docx
2025-10-25 18:40:43,438 - INFO - Undo: C:\Users\91843\Downloads\Duplicates\smarthelmetmsme.pptx -> C:\Users\91843\Downloads\smarthelmetmsme.pptx
2025-10-25 18:40:43,440 - INFO - Undo: C:\Users\91843\Downloads\Duplicates\smarthelmetmsme (1).pptx -> C:\Users\91843\Downloads\smarthelmetmsme (1).pptx
2025-10-25 18:40:43,441 - INFO - Undo: C:\Users\91843\Downloads\Duplicates\smarthelmetmsme (1) (1).pptx -> C:\Users\91843\Downloads\smarthelmetmsme (1) (1).pptx
2025-10-25 18:40:43,443 - INFO - Undo: C:\Users\91843\Downloads\Duplicates\smarthelmetmsme (1) (1) (1).pptx -> C:\Users\91843\Downloads\smarthelmetmsme (1) (1) (1).pptx
2025-10-25 18:40:43,444 - INFO - Undo: C:\Users\91843\Downloads\Documents\smarthelmetmsme (1) (1) (1) (1).pptx -> C:\Users\91843\Downloads\smarthelmetmsme (1) (1) (1) (1).pptx
2025-10-25 18:40:43,446 - INFO - Undo: C:\Users\91843\Downloads\Archives\SlideEgg-704812-US Farmers Day.zip -> C:\Users\91843\Downloads\SlideEgg-704812-US Farmers Day.zip
2025-10-25 18:40:43,448 - INFO - Undo: C:\Users\91843\Downloads\Others\Setup.exe -> C:\Users\91843\Downloads\Setup.exe
2025-10-25 18:40:43,450 - INFO - Undo: C:\Users\91843\Downloads\Others\search.htm -> C:\Users\91843\Downloads\search.htm
2025-10-25 18:40:43,452 - INFO - Undo: C:\Users\91843\Downloads\Images\Screenshot_24-5-2024_141711_colab.research.google.com.jpeg -> C:\Users\91843\Downloads\Screenshot_24-5-2024_141711_colab.research.google.com.jpeg
2025-10-25 18:40:43,454 - INFO - Undo: C:\Users\91843\Downloads\Documents\resume D.pdf -> C:\Users\91843\Downloads\resume D.pdf
2025-10-25 18:40:43,455 - INFO - Undo: C:\Users\91843\Downloads\Documents\REQUIREMENT GATHERING TECHNIQUES.docx -> C:\Users\91843\Downloads\REQUIREMENT GATHERING TECHNIQUES.docx
2025-10-25 18:40:43,457 - INFO - Undo: C:\Users\91843\Downloads\Others\python-3.13.5-amd64.exe -> C:\Users\91843\Downloads\python-3.13.5-amd64.exe
2025-10-25 18:40:43,459 - INFO - Undo: C:\Users\91843\Downloads\Others\python-3.12.0-amd64.exe -> C:\Users\91843\Downloads\python-3.12.0-amd64.exe
2025-10-25 18:40:43,460 - INFO - Undo: C:\Users\91843\Downloads\Duplicates\PYTHON DEVELOPMENT PROJECT.pdf -> C:\Users\91843\Downloads\PYTHON DEVELOPMENT PROJECT.pdf
2025-10-25 18:40:43,462 - INFO - Undo: C:\Users\91843\Downloads\Documents\PYTHON DEVELOPMENT PROJECT (1).pdf -> C:\Users\91843\Downloads\PYTHON DEVELOPMENT PROJECT (1).pdf
2025-10-25 18:40:43,464 - INFO - Undo: C:\Users\91843\Downloads\Documents\Presentation1.pptx -> C:\Users\91843\Downloads\Presentation1.pptx
2025-10-25 18:40:43,465 - INFO - Undo: C:\Users\91843\Downloads\Duplicates\Presentation (18) (2).pptx -> C:\Users\91843\Downloads\Presentation (18) (2).pptx
2025-10-25 18:40:43,467 - INFO - Undo: C:\Users\91843\Downloads\Duplicates\Presentation (18) (2) (2).pptx -> C:\Users\91843\Downloads\Presentation (18) (2) (2).pptx
2025-10-25 18:40:43,468 - INFO - Undo: C:\Users\91843\Downloads\Documents\Presentation (18) (2) (1).pptx -> C:\Users\91843\Downloads\Presentation (18) (2) (1).pptx
2025-10-25 18:40:43,469 - INFO - Undo: C:\Users\91843\Downloads\Documents\pdf.pdf -> C:\Users\91843\Downloads\pdf.pdf
2025-10-25 18:40:43,471 - INFO - Undo: C:\Users\91843\Downloads\Documents\pattu 3.pptx -> C:\Users\91843\Downloads\pattu 3.pptx
2025-10-25 18:40:43,473 - INFO - Undo: C:\Users\91843\Downloads\Documents\Micro-Certification - Welcome to ServiceNow.pdf -> C:\Users\91843\Downloads\Micro-Certification - Welcome to ServiceNow.pdf
2025-10-25 18:40:43,474 - INFO - Undo: C:\Users\91843\Downloads\Videos\Jinn - The Pet (2025) HQ DVDScr Single Part (640x360) (2).mp4 -> C:\Users\91843\Downloads\Jinn - The Pet (2025) HQ DVDScr Single Part (640x360) (2).mp4
2025-10-25 18:40:43,476 - INFO - Undo: C:\Users\91843\Downloads\Others\jdk-21_windows-x64_bin.exe -> C:\Users\91843\Downloads\jdk-21_windows-x64_bin.exe
2025-10-25 18:40:43,477 - INFO - Undo: C:\Users\91843\Downloads\Documents\Green and Yellow Minimalistic Agriculture Business Plan Presentation.pptx -> C:\Users\91843\Downloads\Green and Yellow Minimalistic Agriculture Business Plan Presentation.pptx
2025-10-25 18:40:43,479 - INFO - Undo: C:\Users\91843\Downloads\Others\Git-2.51.0.2-64-bit.exe -> C:\Users\91843\Downloads\Git-2.51.0.2-64-bit.exe
2025-10-25 18:40:43,480 - INFO - Undo: C:\Users\91843\Downloads\Documents\forest ppt(4).pptx -> C:\Users\91843\Downloads\forest ppt(4).pptx
2025-10-25 18:40:43,482 - INFO - Undo: C:\Users\91843\Downloads\Documents\Food Presentation.pptx -> C:\Users\91843\Downloads\Food Presentation.pptx
2025-10-25 18:40:43,483 - INFO - Undo: C:\Users\91843\Downloads\Archives\Food Donation Application.zip -> C:\Users\91843\Downloads\Food Donation Application.zip
2025-10-25 18:40:43,485 - INFO - Undo: C:\Users\91843\Downloads\Archives\flutter_windows_3.32.8-stable.zip -> C:\Users\91843\Downloads\flutter_windows_3.32.8-stable.zip
2025-10-25 18:40:43,487 - INFO - Undo: C:\Users\91843\Downloads\Others\filmora-idco_setup_full1901.exe -> C:\Users\91843\Downloads\filmora-idco_setup_full1901.exe
2025-10-25 18:40:43,489 - INFO - Undo: C:\Users\91843\Downloads\Others\FigmaSetup.exe -> C:\Users\91843\Downloads\FigmaSetup.exe
2025-10-25 18:40:43,490 - INFO - Undo: C:\Users\91843\Downloads\Documents\Doc2.pdf -> C:\Users\91843\Downloads\Doc2.pdf
2025-10-25 18:40:43,492 - INFO - Undo: C:\Users\91843\Downloads\Documents\Doc1.pdf -> C:\Users\91843\Downloads\Doc1.pdf
2025-10-25 18:40:43,493 - INFO - Undo: C:\Users\91843\Downloads\Others\desktop.ini -> C:\Users\91843\Downloads\desktop.ini
2025-10-25 18:40:43,495 - INFO - Undo: C:\Users\91843\Downloads\Documents\cv_8_1717242218017.pdf -> C:\Users\91843\Downloads\cv_8_1717242218017.pdf
2025-10-25 18:40:43,496 - INFO - Undo: C:\Users\91843\Downloads\Documents\Copy of Copy of Farmers Market Meeting Minimal Elegant Presentation.pptx -> C:\Users\91843\Downloads\Copy of Copy of Farmers Market Meeting Minimal Elegant Presentation.pptx
2025-10-25 18:40:43,498 - INFO - Undo: C:\Users\91843\Downloads\Others\ChromeSetup.exe -> C:\Users\91843\Downloads\ChromeSetup.exe
2025-10-25 18:40:43,500 - INFO - Undo: C:\Users\91843\Downloads\Others\Canva Setup 1.111.0.exe -> C:\Users\91843\Downloads\Canva Setup 1.111.0.exe
2025-10-25 18:40:43,502 - INFO - Undo: C:\Users\91843\Downloads\Documents\asha.docx -> C:\Users\91843\Downloads\asha.docx
2025-10-25 18:40:43,504 - INFO - Undo: C:\Users\91843\Downloads\Others\App.config -> C:\Users\91843\Downloads\App.config
2025-10-25 18:40:43,506 - INFO - Undo: C:\Users\91843\Downloads\Others\Anaconda3-2025.06-0-Windows-x86_64.exe -> C:\Users\91843\Downloads\Anaconda3-2025.06-0-Windows-x86_64.exe
2025-10-25 18:40:43,507 - INFO - Undo: C:\Users\91843\Downloads\Documents\5a3efdfb-8482-4a55-9a45-7fbd3e263ec0.pptx -> C:\Users\91843\Downloads\5a3efdfb-8482-4a55-9a45-7fbd3e263ec0.pptx
2025-10-26 20:08:28,425 - ERROR - Organise failed
Traceback (most recent call last):
  File "C:\Users\91843\OneDrive\Documents\Desktop\project\file_organiser_enhanced.py", line 685, in _organise_worker
    self._update_progress(0)
  File "C:\Users\91843\OneDrive\Documents\Desktop\project\file_organiser_enhanced.py", line 739, in _update_progress
    self.safe_after(1, lambda: self.progress.set(val))
    ^^^^^^^^^^^^^^^
AttributeError: 'FileOrganiserApp' object has no attribute 'safe_after'
2025-10-29 11:42:41,630 - INFO - Organised 0 files in C:\Users\91843\AppData\Local\Temp\tmpmsx91dxo
